生成启动时间为 2020/3/8 22:58:49。
     1>项目“C:\nao_experiment_code\NMPC\NMPC\NMPC.vcxproj”在节点 2 上(build 个目标)。
     1>InitializeBuildStatus:
         正在创建“x64\Release\NMPC.unsuccessfulbuild”，因为已指定“AlwaysCreate”。
       ClCompile:
         C:\Program Files (x86)\Microsoft Visual Studio 10.0\VC\bin\x86_amd64\CL.exe /c /IC:\nao_experiment_code\NMPC\NMPC\QP /IC:\software_package\eigen3 /IC:\software_package\boost172 /Zi /nologo /W3 /WX- /MP /O2 /Oi /GL /D _MBCS /Gm- /EHsc /MD /GS /Gy /fp:precise /Zc:wchar_t /Zc:forScope /Fo"x64\Release\\" /Fd"x64\Release\vc100.pdb" /Gd /TP /errorReport:prompt main.cpp
         main.cpp
         所有输出均为最新。
         所有输出均为最新。
       Link:
         C:\Program Files (x86)\Microsoft Visual Studio 10.0\VC\bin\x86_amd64\link.exe /ERRORREPORT:PROMPT /OUT:"C:\nao_experiment_code\NMPC\x64\Release\NMPC.exe" /NOLOGO kernel32.lib user32.lib gdi32.lib winspool.lib comdlg32.lib advapi32.lib shell32.lib ole32.lib oleaut32.lib uuid.lib odbc32.lib odbccp32.lib /MANIFEST /ManifestFile:"x64\Release\NMPC.exe.intermediate.manifest" /MANIFESTUAC:"level='asInvoker' uiAccess='false'" /DEBUG /PDB:"C:\nao_experiment_code\NMPC\x64\Release\NMPC.pdb" /OPT:REF /OPT:ICF /LTCG /TLBID:1 /DYNAMICBASE /NXCOMPAT /IMPLIB:"C:\nao_experiment_code\NMPC\x64\Release\NMPC.lib" /MACHINE:X64 x64\Release\main.obj
         x64\Release\MPCClass.obj
         x64\Release\QPBaseClass.obj
         x64\Release\RobotStateClass.obj
         x64\Release\EiQuadProg.obj
         正在生成代码
         Compiler terminating.  Please wait........... Abort complete.
     1>已完成生成项目“C:\nao_experiment_code\NMPC\NMPC\NMPC.vcxproj”(build 个目标)的操作 - 失败。

生成失败。

已用时间 00:03:50.54
